{
  message: 'Server now is listening on port 3009. GraphQL Apollo Server started on http://localhost:3009/graphql',
  level: '\x1B[32minfo\x1B[39m',
  label: 'right meow!',
  timestamp: '2022-11-06 11:44:51'
}
{
  message: 'Server now is listening on port 3009. GraphQL Apollo Server started on http://localhost:3009/graphql',
  level: '\x1B[32minfo\x1B[39m',
  timestamp: '2022-11-06 11:45:11'
}
{
  message: 'Argument Validation Error',
  locations: [ { line: 2, column: 3 } ],
  path: [ 'login' ],
  extensions: {
    code: 'INTERNAL_SERVER_ERROR',
    exception: {
      validationErrors: [
        ValidationError {
          target: LoginInput { usernameOrEmail: 'abc', password: 'abcde' },
          value: 'abc',
          property: 'usernameOrEmail',
          children: [],
          constraints: {
            maxLength: 'usernameOrEmail must be shorter than or equal to 2 characters'
          }
        },
        ValidationError {
          target: LoginInput { usernameOrEmail: 'abc', password: 'abcde' },
          value: 'abcde',
          property: 'password',
          children: [],
          constraints: {
            maxLength: 'password must be shorter than or equal to 2 characters'
          }
        }
      ],
      stacktrace: [
        'Error: Argument Validation Error',
        '    at Object.validateArg (E:\\Programming Languages\\Javascript Framework\\NodeJS\\NodeJS - GraphQL\\server\\node_modules\\type-graphql\\dist\\resolvers\\validate-arg.js:29:15)',
        '    at runMicrotasks (<anonymous>)',
        '    at processTicksAndRejections (node:internal/process/task_queues:96:5)',
        '    at async Promise.all (index 0)'
      ]
    }
  },
  level: '\x1B[31merror\x1B[39m',
  timestamp: '2022-11-06 12:50:53'
}
{
  message: 'Argument Validation Error',
  locations: [ { line: 2, column: 3 } ],
  path: [ 'login' ],
  extensions: {
    code: 'INTERNAL_SERVER_ERROR',
    exception: {
      validationErrors: [
        ValidationError {
          target: LoginInput { usernameOrEmail: 'abc', password: 'abcde' },
          value: 'abc',
          property: 'usernameOrEmail',
          children: [],
          constraints: {
            maxLength: 'usernameOrEmail must be shorter than or equal to 2 characters'
          }
        },
        ValidationError {
          target: LoginInput { usernameOrEmail: 'abc', password: 'abcde' },
          value: 'abcde',
          property: 'password',
          children: [],
          constraints: {
            maxLength: 'password must be shorter than or equal to 2 characters'
          }
        }
      ],
      stacktrace: [
        'Error: Argument Validation Error',
        '    at Object.validateArg (E:\\Programming Languages\\Javascript Framework\\NodeJS\\NodeJS - GraphQL\\server\\node_modules\\type-graphql\\dist\\resolvers\\validate-arg.js:29:15)',
        '    at runMicrotasks (<anonymous>)',
        '    at processTicksAndRejections (node:internal/process/task_queues:96:5)',
        '    at async Promise.all (index 0)'
      ]
    }
  },
  level: '\x1B[31merror\x1B[39m',
  timestamp: '2022-11-06 12:54:05'
}
{
  message: 'Server now is listening on port 3009. GraphQL Apollo Server started on http://localhost:3009/graphql',
  level: '\x1B[32minfo\x1B[39m',
  timestamp: '2022-11-06 12:54:31'
}
{
  message: 'Server now is listening on port 3009. GraphQL Apollo Server started on http://localhost:3009/graphql',
  level: '\x1B[32minfo\x1B[39m',
  timestamp: '2022-11-06 12:55:17'
}
{
  message: 'Server now is listening on port 3009. GraphQL Apollo Server started on http://localhost:3009/graphql',
  level: '\x1B[32minfo\x1B[39m',
  timestamp: '2022-11-06 12:55:30'
}
{
  message: 'Server now is listening on port 3009. GraphQL Apollo Server started on http://localhost:3009/graphql',
  level: '\x1B[32minfo\x1B[39m',
  timestamp: '2022-11-06 15:21:48'
}
